C51 COMPILER V9.54   MAIN                                                                  04/29/2024 21:42:33 PAGE 1   


C51 COMPILER V9.54, COMPILATION OF MODULE MAIN
OBJECT MODULE PLACED IN .\Objects\main.obj
COMPILER INVOKED BY: C:\Keil_v5\C51\BIN\C51.EXE main.c OPTIMIZE(8,SPEED) BROWSE DEBUG OBJECTEXTEND PRINT(.\Listings\main
                    -.lst) OBJECT(.\Objects\main.obj)

line level    source

   1          #include <REGX52.H>
   2          #include <intrins.h>
   3          
   4          void Delayxms(unsigned int xms)         
   5          {
   6   1              unsigned char i, j;
   7   1      
   8   1              while(xms--)
   9   1              {
  10   2                      i = 2;
  11   2                      j = 239;
  12   2                      do
  13   2                      {
  14   3                              while (--j);
  15   3                      } while (--i);
  16   2              }
  17   1      }
  18          
  19          void main(void)
  20          {
  21   1              while(1)
  22   1              {
  23   2                      if(P3_1 == 0)
  24   2                      {
  25   3                              Delayxms(20);
  26   3                              while(P3_1 == 0);
  27   3                              Delayxms(20);
  28   3                              
  29   3                              P2_0 = ~P2_0;
  30   3                      }
  31   2              }
  32   1      }


MODULE INFORMATION:   STATIC OVERLAYABLE
   CODE SIZE        =     45    ----
   CONSTANT SIZE    =   ----    ----
   XDATA SIZE       =   ----    ----
   PDATA SIZE       =   ----    ----
   DATA SIZE        =   ----    ----
   IDATA SIZE       =   ----    ----
   BIT SIZE         =   ----    ----
END OF MODULE INFORMATION.


C51 COMPILATION COMPLETE.  0 WARNING(S),  0 ERROR(S)
