C51 COMPILER V9.54   MAIN                                                                  04/29/2024 22:05:00 PAGE 1   


C51 COMPILER V9.54, COMPILATION OF MODULE MAIN
OBJECT MODULE PLACED IN .\Objects\main.obj
COMPILER INVOKED BY: C:\Keil_v5\C51\BIN\C51.EXE main.c OPTIMIZE(8,SPEED) BROWSE DEBUG OBJECTEXTEND PRINT(.\Listings\main
                    -.lst) OBJECT(.\Objects\main.obj)

line level    source

   1          #include <REGX52.H>
   2          #include <intrins.h>
   3          
   4          void Delayxms(unsigned int xms)         
   5          {
   6   1              unsigned char i, j;
   7   1      
   8   1              while(xms--)
   9   1              {
  10   2                      i = 2;
  11   2                      j = 239;
  12   2                      do
  13   2                      {
  14   3                              while (--j);
  15   3                      } while (--i);
  16   2              }
  17   1      }
  18          
  19          void main(void)
  20          {
  21   1              unsigned char LEDNum = 0;
  22   1              
  23   1              P2 = 0xFE;
  24   1              while(1)
  25   1              {
  26   2                      if(P3_0 == 0)
  27   2                      {
  28   3                              Delayxms(20);
  29   3                              while(P3_0 == 0);
  30   3                              Delayxms(20);
  31   3                              
  32   3                              LEDNum++;
  33   3                              if(LEDNum >= 8)
  34   3                              {
  35   4                                      LEDNum = 0;
  36   4                              }
  37   3                              P2 = ~(0x1 << LEDNum);
  38   3                      }
  39   2                      
  40   2                      if(P3_1 == 0)
  41   2                      {
  42   3                              Delayxms(20);
  43   3                              while(P3_1 == 0);
  44   3                              Delayxms(20);
  45   3                              
  46   3                              
  47   3                              if(LEDNum == 0)
  48   3                              {
  49   4                                      LEDNum = 7;
  50   4                              }
  51   3                              else
  52   3                              {
  53   4                                      LEDNum--;
  54   4                              }
C51 COMPILER V9.54   MAIN                                                                  04/29/2024 22:05:00 PAGE 2   

  55   3                              
  56   3                              P2 = ~(0x1 << LEDNum);
  57   3                      }
  58   2              }
  59   1      }


MODULE INFORMATION:   STATIC OVERLAYABLE
   CODE SIZE        =    101    ----
   CONSTANT SIZE    =   ----    ----
   XDATA SIZE       =   ----    ----
   PDATA SIZE       =   ----    ----
   DATA SIZE        =   ----    ----
   IDATA SIZE       =   ----    ----
   BIT SIZE         =   ----    ----
END OF MODULE INFORMATION.


C51 COMPILATION COMPLETE.  0 WARNING(S),  0 ERROR(S)
