C51 COMPILER V9.54   MAIN                                                                  04/28/2024 23:17:32 PAGE 1   


C51 COMPILER V9.54, COMPILATION OF MODULE MAIN
OBJECT MODULE PLACED IN .\Objects\main.obj
COMPILER INVOKED BY: C:\Keil_v5\C51\BIN\C51.EXE main.c OPTIMIZE(8,SPEED) BROWSE DEBUG OBJECTEXTEND PRINT(.\Listings\main
                    -.lst) OBJECT(.\Objects\main.obj)

line level    source

   1          #include <REGX52.H>
   2          #include <intrins.h>
   3          
   4          void Delay500ms()               //@12MHz
   5          {
   6   1              unsigned char i, j, k;
   7   1      
   8   1              _nop_();
   9   1              i = 4;
  10   1              j = 205;
  11   1              k = 187;
  12   1              do
  13   1              {
  14   2                      do
  15   2                      {
  16   3                              while (--k);
  17   3                      } while (--j);
  18   2              } while (--i);
  19   1      }
  20          
  21          
  22          void main(void)
  23          {
  24   1              while(1)
  25   1              {
  26   2                      P2 = 0xFE;
  27   2                      Delay500ms();
  28   2                      P2 = 0xFF;
  29   2                      Delay500ms();
  30   2              }
  31   1      }


MODULE INFORMATION:   STATIC OVERLAYABLE
   CODE SIZE        =     28    ----
   CONSTANT SIZE    =   ----    ----
   XDATA SIZE       =   ----    ----
   PDATA SIZE       =   ----    ----
   DATA SIZE        =   ----    ----
   IDATA SIZE       =   ----    ----
   BIT SIZE         =   ----    ----
END OF MODULE INFORMATION.


C51 COMPILATION COMPLETE.  0 WARNING(S),  0 ERROR(S)
